[2021-10-26 11:06:56] local.ERROR: SQLSTATE[HY000] [1045] Access denied for user 'masoud'@'localhost' (using password: YES) (SQL: select * from information_schema.tables where table_schema = cems and table_name = migrations and table_type = 'BASE TABLE') {"exception":"[object] (Illuminate\\Database\\QueryException(code: 1045): SQLSTATE[HY000] [1045] Access denied for user 'masoud'@'localhost' (using password: YES) (SQL: select * from information_schema.tables where table_schema = cems and table_name = migrations and table_type = 'BASE TABLE') at /var/www/html/CEMS/vendor/laravel/framework/src/Illuminate/Database/Connection.php:664, PDOException(code: 1045): SQLSTATE[HY000] [1045] Access denied for user 'masoud'@'localhost' (using password: YES) at /var/www/html/CEMS/vendor/laravel/framework/src/Illuminate/Database/Connectors/Connector.php:70)
[stacktrace]
#0 /var/www/html/CEMS/vendor/laravel/framework/src/Illuminate/Database/Connection.php(624): Illuminate\\Database\\Connection->runQueryCallback()
#1 /var/www/html/CEMS/vendor/laravel/framework/src/Illuminate/Database/Connection.php(333): Illuminate\\Database\\Connection->run()
#2 /var/www/html/CEMS/vendor/laravel/framework/src/Illuminate/Database/Schema/MySqlBuilder.php(18): Illuminate\\Database\\Connection->select()
#3 /var/www/html/CEMS/vendor/laravel/framework/src/Illuminate/Database/Migrations/DatabaseMigrationRepository.php(169): Illuminate\\Database\\Schema\\MySqlBuilder->hasTable()
#4 /var/www/html/CEMS/vendor/laravel/framework/src/Illuminate/Database/Migrations/Migrator.php(585): Illuminate\\Database\\Migrations\\DatabaseMigrationRepository->repositoryExists()
#5 /var/www/html/CEMS/vendor/laravel/framework/src/Illuminate/Database/Console/Migrations/MigrateCommand.php(91): Illuminate\\Database\\Migrations\\Migrator->repositoryExists()
#6 /var/www/html/CEMS/vendor/laravel/framework/src/Illuminate/Database/Console/Migrations/MigrateCommand.php(63): Illuminate\\Database\\Console\\Migrations\\MigrateCommand->prepareDatabase()
#7 [internal function]: Illuminate\\Database\\Console\\Migrations\\MigrateCommand->handle()
#8 /var/www/html/CEMS/vendor/laravel/framework/src/Illuminate/Container/BoundMethod.php(32): call_user_func_array()
#9 /var/www/html/CEMS/vendor/laravel/framework/src/Illuminate/Container/BoundMethod.php(90): Illuminate\\Container\\BoundMethod::Illuminate\\Container\\{closure}()
#10 /var/www/html/CEMS/vendor/laravel/framework/src/Illuminate/Container/BoundMethod.php(34): Illuminate\\Container\\BoundMethod::callBoundMethod()
#11 /var/www/html/CEMS/vendor/laravel/framework/src/Illuminate/Container/Container.php(576): Illuminate\\Container\\BoundMethod::call()
#12 /var/www/html/CEMS/vendor/laravel/framework/src/Illuminate/Console/Command.php(183): Illuminate\\Container\\Container->call()
#13 /var/www/html/CEMS/vendor/symfony/console/Command/Command.php(255): Illuminate\\Console\\Command->execute()
#14 /var/www/html/CEMS/vendor/laravel/framework/src/Illuminate/Console/Command.php(170): Symfony\\Component\\Console\\Command\\Command->run()
#15 /var/www/html/CEMS/vendor/symfony/console/Application.php(1009): Illuminate\\Console\\Command->run()
#16 /var/www/html/CEMS/vendor/symfony/console/Application.php(273): Symfony\\Component\\Console\\Application->doRunCommand()
#17 /var/www/html/CEMS/vendor/symfony/console/Application.php(149): Symfony\\Component\\Console\\Application->doRun()
#18 /var/www/html/CEMS/vendor/laravel/framework/src/Illuminate/Console/Application.php(90): Symfony\\Component\\Console\\Application->run()
#19 /var/www/html/CEMS/vendor/laravel/framework/src/Illuminate/Foundation/Console/Kernel.php(133): Illuminate\\Console\\Application->run()
#20 /var/www/html/CEMS/artisan(37): Illuminate\\Foundation\\Console\\Kernel->handle()
#21 {main}
"} 
[2021-10-26 11:07:25] local.ERROR: SQLSTATE[HY000] [1045] Access denied for user 'masoud'@'localhost' (using password: YES) (SQL: delete from `cache`) {"exception":"[object] (Illuminate\\Database\\QueryException(code: 1045): SQLSTATE[HY000] [1045] Access denied for user 'masoud'@'localhost' (using password: YES) (SQL: delete from `cache`) at /var/www/html/CEMS/vendor/laravel/framework/src/Illuminate/Database/Connection.php:664, PDOException(code: 1045): SQLSTATE[HY000] [1045] Access denied for user 'masoud'@'localhost' (using password: YES) at /var/www/html/CEMS/vendor/laravel/framework/src/Illuminate/Database/Connectors/Connector.php:70)
[stacktrace]
#0 /var/www/html/CEMS/vendor/laravel/framework/src/Illuminate/Database/Connection.php(624): Illuminate\\Database\\Connection->runQueryCallback()
#1 /var/www/html/CEMS/vendor/laravel/framework/src/Illuminate/Database/Connection.php(490): Illuminate\\Database\\Connection->run()
#2 /var/www/html/CEMS/vendor/laravel/framework/src/Illuminate/Database/Connection.php(435): Illuminate\\Database\\Connection->affectingStatement()
#3 /var/www/html/CEMS/vendor/laravel/framework/src/Illuminate/Database/Query/Builder.php(2804): Illuminate\\Database\\Connection->delete()
#4 /var/www/html/CEMS/vendor/laravel/framework/src/Illuminate/Cache/DatabaseStore.php(228): Illuminate\\Database\\Query\\Builder->delete()
#5 /var/www/html/CEMS/vendor/laravel/framework/src/Illuminate/Cache/Repository.php(636): Illuminate\\Cache\\DatabaseStore->flush()
#6 /var/www/html/CEMS/vendor/laravel/framework/src/Illuminate/Cache/Console/ClearCommand.php(67): Illuminate\\Cache\\Repository->__call()
#7 [internal function]: Illuminate\\Cache\\Console\\ClearCommand->handle()
#8 /var/www/html/CEMS/vendor/laravel/framework/src/Illuminate/Container/BoundMethod.php(32): call_user_func_array()
#9 /var/www/html/CEMS/vendor/laravel/framework/src/Illuminate/Container/BoundMethod.php(90): Illuminate\\Container\\BoundMethod::Illuminate\\Container\\{closure}()
#10 /var/www/html/CEMS/vendor/laravel/framework/src/Illuminate/Container/BoundMethod.php(34): Illuminate\\Container\\BoundMethod::callBoundMethod()
#11 /var/www/html/CEMS/vendor/laravel/framework/src/Illuminate/Container/Container.php(576): Illuminate\\Container\\BoundMethod::call()
#12 /var/www/html/CEMS/vendor/laravel/framework/src/Illuminate/Console/Command.php(183): Illuminate\\Container\\Container->call()
#13 /var/www/html/CEMS/vendor/symfony/console/Command/Command.php(255): Illuminate\\Console\\Command->execute()
#14 /var/www/html/CEMS/vendor/laravel/framework/src/Illuminate/Console/Command.php(170): Symfony\\Component\\Console\\Command\\Command->run()
#15 /var/www/html/CEMS/vendor/symfony/console/Application.php(1009): Illuminate\\Console\\Command->run()
#16 /var/www/html/CEMS/vendor/symfony/console/Application.php(273): Symfony\\Component\\Console\\Application->doRunCommand()
#17 /var/www/html/CEMS/vendor/symfony/console/Application.php(149): Symfony\\Component\\Console\\Application->doRun()
#18 /var/www/html/CEMS/vendor/laravel/framework/src/Illuminate/Console/Application.php(90): Symfony\\Component\\Console\\Application->run()
#19 /var/www/html/CEMS/vendor/laravel/framework/src/Illuminate/Foundation/Console/Kernel.php(133): Illuminate\\Console\\Application->run()
#20 /var/www/html/CEMS/artisan(37): Illuminate\\Foundation\\Console\\Kernel->handle()
#21 {main}
"} 
[2021-10-26 11:07:37] local.ERROR: Undefined index: post {"exception":"[object] (ErrorException(code: 0): Undefined index: post at /var/www/html/CEMS/config/database.php:84)
[stacktrace]
#0 /var/www/html/CEMS/config/database.php(84): Illuminate\\Foundation\\Bootstrap\\HandleExceptions->handleError()
#1 /var/www/html/CEMS/vendor/laravel/framework/src/Illuminate/Foundation/Bootstrap/LoadConfiguration.php(72): require('/var/www/html/C...')
#2 /var/www/html/CEMS/vendor/laravel/framework/src/Illuminate/Foundation/Bootstrap/LoadConfiguration.php(39): Illuminate\\Foundation\\Bootstrap\\LoadConfiguration->loadConfigurationFiles()
#3 /var/www/html/CEMS/vendor/laravel/framework/src/Illuminate/Foundation/Application.php(210): Illuminate\\Foundation\\Bootstrap\\LoadConfiguration->bootstrap()
#4 /var/www/html/CEMS/vendor/laravel/framework/src/Illuminate/Foundation/Console/Kernel.php(322): Illuminate\\Foundation\\Application->bootstrapWith()
#5 /var/www/html/CEMS/vendor/laravel/framework/src/Illuminate/Foundation/Console/ConfigCacheCommand.php(88): Illuminate\\Foundation\\Console\\Kernel->bootstrap()
#6 /var/www/html/CEMS/vendor/laravel/framework/src/Illuminate/Foundation/Console/ConfigCacheCommand.php(58): Illuminate\\Foundation\\Console\\ConfigCacheCommand->getFreshConfiguration()
#7 [internal function]: Illuminate\\Foundation\\Console\\ConfigCacheCommand->handle()
#8 /var/www/html/CEMS/vendor/laravel/framework/src/Illuminate/Container/BoundMethod.php(32): call_user_func_array()
#9 /var/www/html/CEMS/vendor/laravel/framework/src/Illuminate/Container/BoundMethod.php(90): Illuminate\\Container\\BoundMethod::Illuminate\\Container\\{closure}()
#10 /var/www/html/CEMS/vendor/laravel/framework/src/Illuminate/Container/BoundMethod.php(34): Illuminate\\Container\\BoundMethod::callBoundMethod()
#11 /var/www/html/CEMS/vendor/laravel/framework/src/Illuminate/Container/Container.php(576): Illuminate\\Container\\BoundMethod::call()
#12 /var/www/html/CEMS/vendor/laravel/framework/src/Illuminate/Console/Command.php(183): Illuminate\\Container\\Container->call()
#13 /var/www/html/CEMS/vendor/symfony/console/Command/Command.php(255): Illuminate\\Console\\Command->execute()
#14 /var/www/html/CEMS/vendor/laravel/framework/src/Illuminate/Console/Command.php(170): Symfony\\Component\\Console\\Command\\Command->run()
#15 /var/www/html/CEMS/vendor/symfony/console/Application.php(1009): Illuminate\\Console\\Command->run()
#16 /var/www/html/CEMS/vendor/symfony/console/Application.php(273): Symfony\\Component\\Console\\Application->doRunCommand()
#17 /var/www/html/CEMS/vendor/symfony/console/Application.php(149): Symfony\\Component\\Console\\Application->doRun()
#18 /var/www/html/CEMS/vendor/laravel/framework/src/Illuminate/Console/Application.php(90): Symfony\\Component\\Console\\Application->run()
#19 /var/www/html/CEMS/vendor/laravel/framework/src/Illuminate/Foundation/Console/Kernel.php(133): Illuminate\\Console\\Application->run()
#20 /var/www/html/CEMS/artisan(37): Illuminate\\Foundation\\Console\\Kernel->handle()
#21 {main}
"} 
